R 0x0004
R 0x8004
W 0x16004
R 0x0014
R 0x8014
W 0x16014
R 0x0024
R 0x8024
W 0x16024
R 0x0034
R 0x8034
W 0x16034
R 0x0044
R 0x8044
W 0x16044
R 0x0054
R 0x8054
W 0x16054
R 0x0064
R 0x8064
W 0x16064
R 0x0074
R 0x8074
W 0x16074
R 0x0084
R 0x8084
W 0x16084
R 0x0094
R 0x8094
W 0x16094
R 0x00A4
R 0x80A4
W 0x160A4
R 0x00B4
R 0x80B4
W 0x160B4
R 0x00C4
R 0x80C4
W 0x160C4
R 0x00D4
R 0x80D4
W 0x160D4
R 0x00E4
R 0x80E4
W 0x160E4
R 0x00F4
R 0x80F4
W 0x160F4
R 0x0104
R 0x8104
W 0x16104
R 0x0114
R 0x8114
W 0x16114
R 0x0124
R 0x8124
W 0x16124
R 0x0134
R 0x8134
W 0x16134
