R 0x0008
R 0x8008
W 0x16008
R 0x0018
R 0x8018
W 0x16018
R 0x0028
R 0x8028
W 0x16028
R 0x0038
R 0x8038
W 0x16038
R 0x0048
R 0x8048
W 0x16048
R 0x0058
R 0x8058
W 0x16058
R 0x0068
R 0x8068
W 0x16068
R 0x0078
R 0x8078
W 0x16078
R 0x0088
R 0x8088
W 0x16088
R 0x0098
R 0x8098
W 0x16098
R 0x00A8
R 0x80A8
W 0x160A8
R 0x00B8
R 0x80B8
W 0x160B8
R 0x00C8
R 0x80C8
W 0x160C8
R 0x00D8
R 0x80D8
W 0x160D8
R 0x00E8
R 0x80E8
W 0x160E8
R 0x00F8
R 0x80F8
W 0x160F8
R 0x0108
R 0x8108
W 0x16108
R 0x0118
R 0x8118
W 0x16118
R 0x0128
R 0x8128
W 0x16128
R 0x0138
R 0x8138
W 0x16138
