R 0x0000
R 0x8000
W 0x16000
R 0x0010
R 0x8010
W 0x16010
R 0x0020
R 0x8020
W 0x16020
R 0x0030
R 0x8030
W 0x16030
R 0x0040
R 0x8040
W 0x16040
R 0x0050
R 0x8050
W 0x16050
R 0x0060
R 0x8060
W 0x16060
R 0x0070
R 0x8070
W 0x16070
R 0x0080
R 0x8080
W 0x16080
R 0x0090
R 0x8090
W 0x16090
R 0x00A0
R 0x80A0
W 0x160A0
R 0x00B0
R 0x80B0
W 0x160B0
R 0x00C0
R 0x80C0
W 0x160C0
R 0x00D0
R 0x80D0
W 0x160D0
R 0x00E0
R 0x80E0
W 0x160E0
R 0x00F0
R 0x80F0
W 0x160F0
R 0x0100
R 0x8100
W 0x16100
R 0x0110
R 0x8110
W 0x16110
R 0x0120
R 0x8120
W 0x16120
R 0x0130
R 0x8130
W 0x16130