R 0x000C
R 0x800C
W 0x1600C
R 0x001C
R 0x801C
W 0x1601C
R 0x002C
R 0x802C
W 0x1602C
R 0x003C
R 0x803C
W 0x1603C
R 0x004C
R 0x804C
W 0x1604C
R 0x005C
R 0x805C
W 0x1605C
R 0x006C
R 0x806C
W 0x1606C
R 0x007C
R 0x807C
W 0x1607C
R 0x008C
R 0x808C
W 0x1608C
R 0x009C
R 0x809C
W 0x1609C
R 0x00AC
R 0x80AC
W 0x160AC
R 0x00BC
R 0x80BC
W 0x160BC
R 0x00CC
R 0x80CC
W 0x160CC
R 0x00DC
R 0x80DC
W 0x160DC
R 0x00EC
R 0x80EC
W 0x160EC
R 0x00FC
R 0x80FC
W 0x160FC
R 0x010C
R 0x810C
W 0x1610C
R 0x011C
R 0x811C
W 0x1611C
R 0x012C
R 0x812C
W 0x1612C
R 0x013C
R 0x813C
W 0x1613C