R 0x00A0
R 0x80A0
W 0x160A0
R 0x00A4
R 0x80A4
W 0x160A4
R 0x00A8
R 0x80A8
W 0x160A8
R 0x00AC
R 0x80AC
W 0x160AC
R 0x00B0
R 0x80B0
W 0x160B0
R 0x00B4
R 0x80B4
W 0x160B4
R 0x00B8
R 0x80B8
W 0x160B8
R 0x00BC
R 0x80BC
W 0x160BC
R 0x00C0
R 0x80C0
W 0x160C0
R 0x00C4
R 0x80C4
W 0x160C4
R 0x00C8
R 0x80C8
W 0x160C8
R 0x00CC
R 0x80CC
W 0x160CC
R 0x00D0
R 0x80D0
W 0x160D0
R 0x00D4
R 0x80D4
W 0x160D4
R 0x00D8
R 0x80D8
W 0x160D8
R 0x00DC
R 0x80DC
W 0x160DC
R 0x00E0
R 0x80E0
W 0x160E0
R 0x00E4
R 0x80E4
W 0x160E4
R 0x00E8
R 0x80E8
W 0x160E8
R 0x00EC
R 0x80EC
W 0x160EC