R 0x0000
R 0x8000
W 0x16000
R 0x0004
R 0x8004
W 0x16004
R 0x0008
R 0x8008
W 0x16008
R 0x000C
R 0x800C
W 0x1600C
R 0x0010
R 0x8010
W 0x16010
R 0x0014
R 0x8014
W 0x16014
R 0x0018
R 0x8018
W 0x16018
R 0x001C
R 0x801C
W 0x1601C
R 0x0020
R 0x8020
W 0x16020
R 0x0024
R 0x8024
W 0x16024
R 0x0028
R 0x8028
W 0x16028
R 0x002C
R 0x802C
W 0x1602C
R 0x0030
R 0x8030
W 0x16030
R 0x0034
R 0x8034
W 0x16034
R 0x0038
R 0x8038
W 0x16038
R 0x003C
R 0x803C
W 0x1603C
R 0x0040
R 0x8040
W 0x16040
R 0x0044
R 0x8044
W 0x16044
R 0x0048
R 0x8048
W 0x16048
R 0x004C
R 0x804C
W 0x1604C