R 0x00F0
R 0x80F0
W 0x160F0
R 0x00F4
R 0x80F4
W 0x160F4
R 0x00F8
R 0x80F8
W 0x160F8
R 0x00FC
R 0x80FC
W 0x160FC
R 0x0100
R 0x8100
W 0x16100
R 0x0104
R 0x8104
W 0x16104
R 0x0108
R 0x8108
W 0x16108
R 0x010C
R 0x810C
W 0x1610C
R 0x0110
R 0x8110
W 0x16110
R 0x0114
R 0x8114
W 0x16114
R 0x0118
R 0x8118
W 0x16118
R 0x011C
R 0x811C
W 0x1611C
R 0x0120
R 0x8120
W 0x16120
R 0x0124
R 0x8124
W 0x16124
R 0x0128
R 0x8128
W 0x16128
R 0x012C
R 0x812C
W 0x1612C
R 0x0130
R 0x8130
W 0x16130
R 0x0134
R 0x8134
W 0x16134
R 0x0138
R 0x8138
W 0x16138
R 0x013C
R 0x813C
W 0x1613C 