R 0x0050
R 0x8050
W 0x16050
R 0x0054
R 0x8054
W 0x16054
R 0x0058
R 0x8058
W 0x16058
R 0x005C
R 0x805C
W 0x1605C
R 0x0060
R 0x8060
W 0x16060 
R 0x0064
R 0x8064
W 0x16064
R 0x0068
R 0x8068
W 0x16068
R 0x006C
R 0x806C
W 0x1606C
R 0x0070
R 0x8070
W 0x16070
R 0x0074
R 0x8074
W 0x16074
R 0x0078
R 0x8078
W 0x16078
R 0x007C
R 0x807C
W 0x1607C
R 0x0080
R 0x8080
W 0x16080
R 0x0084
R 0x8084
W 0x16084
R 0x0088
R 0x8088
W 0x16088
R 0x008C
R 0x808C
W 0x1608C
R 0x0090
R 0x8090
W 0x16090
R 0x0094
R 0x8094
W 0x16094
R 0x0098
R 0x8098
W 0x16098
R 0x009C
R 0x809C
W 0x1609C